<?xml version="1.0" encoding="UTF-8"?>
<!-- Generated by org.testng.reporters.JUnitXMLReporter -->
<testsuite ignored="0" hostname="deepanjalis-MacBook-Pro.local" failures="1" tests="2" name="Surefire test" time="7.871" errors="0" timestamp="20 Nov 2021 15:23:54 GMT">
  <testcase classname="pages.TestAllWindow" name="allitem" time="2.574">
    <failure type="java.lang.AssertionError" message="expected [$15.99] but found [$31.98]">
      <![CDATA[java.lang.AssertionError: expected [$15.99] but found [$31.98]
at pages.ProductPageChk.addcart(ProductPageChk.java:15)
at pages.TestAllWindow.allitem(TestAllWindow.java:33)
... Removed 36 stack frames]]>
    </failure>
  </testcase> <!-- allitem -->
  <testcase classname="AssertionTest" name="twonumber" time="0.0"/>
</testsuite> <!-- Surefire test -->
